

================================================================
== Vitis HLS Report for 'dut_Pipeline_residual_loop'
================================================================
* Date:           Fri Oct 17 21:58:59 2025

* Version:        2024.2 (Build 5238294 on Nov  8 2024)
* Project:        dut.prj
* Solution:       solution1 (Vivado IP Flow Target)
* Product family: zynq
* Target device:  xc7z020-clg400-1


================================================================
== Performance Estimates
================================================================
+ Timing: 
    * Summary: 
    +--------+---------+----------+------------+
    |  Clock |  Target | Estimated| Uncertainty|
    +--------+---------+----------+------------+
    |ap_clk  |  3.30 ns|  5.001 ns|     0.89 ns|
    +--------+---------+----------+------------+

+ Latency: 
    * Summary: 
    +---------+---------+-----------+----------+-----+-----+------------------------------------------------+
    |  Latency (cycles) |  Latency (absolute)  |  Interval |                    Pipeline                    |
    |   min   |   max   |    min    |    max   | min | max |                      Type                      |
    +---------+---------+-----------+----------+-----+-----+------------------------------------------------+
    |        2|       33|  10.002 ns|  0.165 us|    1|   32|  loop auto-rewind stp (delay=0 clock cycles(s))|
    +---------+---------+-----------+----------+-----+-----+------------------------------------------------+

    + Detail: 
        * Instance: 
        N/A

        * Loop: 
        +-----------------+---------+---------+----------+-----------+-----------+--------+----------+
        |                 |  Latency (cycles) | Iteration|  Initiation Interval  |  Trip  |          |
        |    Loop Name    |   min   |   max   |  Latency |  achieved |   target  |  Count | Pipelined|
        +-----------------+---------+---------+----------+-----------+-----------+--------+----------+
        |- residual_loop  |        0|       31|         2|          1|          1|  0 ~ 31|       yes|
        +-----------------+---------+---------+----------+-----------+-----------+--------+----------+

============================================================
+ Verbose Summary: Synthesis Manager
============================================================
InlineROM: 1
ExposeGlobal: 0
============================================================
+ Verbose Summary: CDFG Model
============================================================
IsTopModel: 0
ResetActiveHigh: 1
IsCombinational: 0
IsDatapathOnly: 0
HasWiredReturn: 1
HasMFsm: 2
HasVarLatency: 1
IsPipeline: 0
IsRtlPipelined: 0
IsInstanceOverlapped: 0
IsDontTouch: 0
HasImplIP: 0
IsGatedGlobalClock: 0

+ Individual pipeline summary: 
  * Pipeline-0: initiation interval (II) = 1, depth = 2


============================================================
+ Verbose Summary: Schedule
============================================================
* Number of FSM states : 2
* Pipeline : 1
  Pipeline-0 : II = 1, D = 2, States = { 1 2 }
* Dataflow Pipeline: 0

* FSM state transitions: 
1 --> 2 
2 --> 

* FSM state operations: 

State 1 <SV = 0> <Delay = 5.00>
ST_1 : Operation 5 [1/1] (0.00ns)   --->   "%i = alloca i32 1"   --->   Operation 5 'alloca' 'i' <Predicate = true> <Delay = 0.00>
ST_1 : Operation 6 [1/1] (0.00ns)   --->   "%cnt = alloca i32 1" [T:/Xilinx/Vitis_Libraries_2024.2_update3/data_mover/L1/tests/store_stream_to_master/../../../L1/include\xf_data_mover/store_stream_to_master.hpp:25->test_store_stream_to_master.cpp:32]   --->   Operation 6 'alloca' 'cnt' <Predicate = true> <Delay = 0.00>
ST_1 : Operation 7 [1/1] (0.00ns)   --->   "%specaxissidechannel_ln0 = specaxissidechannel void @_ssdm_op_SpecAXISSideChannel, i32 %in_s_V_data_V, i4 %in_s_V_keep_V, i4 %in_s_V_strb_V, i1 0, i1 %in_s_V_last_V, i1 0, i1 0, void @empty_4"   --->   Operation 7 'specaxissidechannel' 'specaxissidechannel_ln0' <Predicate = true> <Delay = 0.00>
ST_1 : Operation 8 [1/1] (0.00ns)   --->   "%specinterface_ln0 = specinterface void @_ssdm_op_SpecInterface, i32 %mm, void @empty_2, i32 0, i32 0, void @empty_1, i32 4294967295, i32 0, void @empty_1, void @empty_1, void @empty_1, i32 0, i32 0, i32 0, i32 0, void @empty_1, void @empty_1, i32 4294967295, i32 0, i32 0"   --->   Operation 8 'specinterface' 'specinterface_ln0' <Predicate = true> <Delay = 0.00>
ST_1 : Operation 9 [1/1] (0.00ns)   --->   "%specinterface_ln0 = specinterface void @_ssdm_op_SpecInterface, i1 %in_s_V_last_V, void @empty, i32 0, i32 0, void @empty_0, i32 0, i32 0, void @empty_1, void @empty_1, void @empty_1, i32 0, i32 0, i32 0, i32 0, void @empty_1, void @empty_1, i32 4294967295, i32 0, i32 0"   --->   Operation 9 'specinterface' 'specinterface_ln0' <Predicate = true> <Delay = 0.00>
ST_1 : Operation 10 [1/1] (0.00ns)   --->   "%specinterface_ln0 = specinterface void @_ssdm_op_SpecInterface, i4 %in_s_V_strb_V, void @empty, i32 0, i32 0, void @empty_0, i32 0, i32 0, void @empty_1, void @empty_1, void @empty_1, i32 0, i32 0, i32 0, i32 0, void @empty_1, void @empty_1, i32 4294967295, i32 0, i32 0"   --->   Operation 10 'specinterface' 'specinterface_ln0' <Predicate = true> <Delay = 0.00>
ST_1 : Operation 11 [1/1] (0.00ns)   --->   "%specinterface_ln0 = specinterface void @_ssdm_op_SpecInterface, i4 %in_s_V_keep_V, void @empty, i32 0, i32 0, void @empty_0, i32 0, i32 0, void @empty_1, void @empty_1, void @empty_1, i32 0, i32 0, i32 0, i32 0, void @empty_1, void @empty_1, i32 4294967295, i32 0, i32 0"   --->   Operation 11 'specinterface' 'specinterface_ln0' <Predicate = true> <Delay = 0.00>
ST_1 : Operation 12 [1/1] (0.00ns)   --->   "%specinterface_ln0 = specinterface void @_ssdm_op_SpecInterface, i32 %in_s_V_data_V, void @empty, i32 0, i32 0, void @empty_0, i32 0, i32 0, void @empty_1, void @empty_1, void @empty_1, i32 0, i32 0, i32 0, i32 0, void @empty_1, void @empty_1, i32 4294967295, i32 0, i32 0"   --->   Operation 12 'specinterface' 'specinterface_ln0' <Predicate = true> <Delay = 0.00>
ST_1 : Operation 13 [1/1] (0.00ns)   --->   "%select_ln43_1_read = read i6 @_ssdm_op_Read.ap_auto.i6, i6 %select_ln43_1"   --->   Operation 13 'read' 'select_ln43_1_read' <Predicate = true> <Delay = 0.00>
ST_1 : Operation 14 [1/1] (0.00ns)   --->   "%select_ln43_read = read i9 @_ssdm_op_Read.ap_auto.i9, i9 %select_ln43"   --->   Operation 14 'read' 'select_ln43_read' <Predicate = true> <Delay = 0.00>
ST_1 : Operation 15 [1/1] (1.58ns)   --->   "%store_ln25 = store i9 %select_ln43_read, i9 %cnt" [T:/Xilinx/Vitis_Libraries_2024.2_update3/data_mover/L1/tests/store_stream_to_master/../../../L1/include\xf_data_mover/store_stream_to_master.hpp:25->test_store_stream_to_master.cpp:32]   --->   Operation 15 'store' 'store_ln25' <Predicate = true> <Delay = 1.58>
ST_1 : Operation 16 [1/1] (1.58ns)   --->   "%store_ln0 = store i5 0, i5 %i"   --->   Operation 16 'store' 'store_ln0' <Predicate = true> <Delay = 1.58>
ST_1 : Operation 17 [1/1] (0.00ns)   --->   "%br_ln45 = br void %for.inc23.i" [T:/Xilinx/Vitis_Libraries_2024.2_update3/data_mover/L1/tests/store_stream_to_master/../../../L1/include\xf_data_mover/store_stream_to_master.hpp:45->test_store_stream_to_master.cpp:32]   --->   Operation 17 'br' 'br_ln45' <Predicate = true> <Delay = 0.00>
ST_1 : Operation 18 [1/1] (0.00ns)   --->   "%i_load = load i5 %i" [T:/Xilinx/Vitis_Libraries_2024.2_update3/data_mover/L1/tests/store_stream_to_master/../../../L1/include\xf_data_mover/store_stream_to_master.hpp:45->test_store_stream_to_master.cpp:32]   --->   Operation 18 'load' 'i_load' <Predicate = true> <Delay = 0.00>
ST_1 : Operation 19 [1/1] (0.00ns)   --->   "%zext_ln45_1 = zext i5 %i_load" [T:/Xilinx/Vitis_Libraries_2024.2_update3/data_mover/L1/tests/store_stream_to_master/../../../L1/include\xf_data_mover/store_stream_to_master.hpp:45->test_store_stream_to_master.cpp:32]   --->   Operation 19 'zext' 'zext_ln45_1' <Predicate = true> <Delay = 0.00>
ST_1 : Operation 20 [1/1] (1.82ns)   --->   "%icmp_ln45 = icmp_slt  i6 %zext_ln45_1, i6 %select_ln43_1_read" [T:/Xilinx/Vitis_Libraries_2024.2_update3/data_mover/L1/tests/store_stream_to_master/../../../L1/include\xf_data_mover/store_stream_to_master.hpp:45->test_store_stream_to_master.cpp:32]   --->   Operation 20 'icmp' 'icmp_ln45' <Predicate = true> <Delay = 1.82> <CoreInst = "Cmp">   --->   Core 9 'Cmp' <Latency = 0> <II = 1> <Delay = 1.82> <FuncUnit> <Opcode : 'seteq' 'setne' 'setle' 'setge' 'setlt' 'setgt'> <InPorts = 2> <OutPorts = 1>
ST_1 : Operation 21 [1/1] (1.78ns)   --->   "%add_ln45 = add i5 %i_load, i5 1" [T:/Xilinx/Vitis_Libraries_2024.2_update3/data_mover/L1/tests/store_stream_to_master/../../../L1/include\xf_data_mover/store_stream_to_master.hpp:45->test_store_stream_to_master.cpp:32]   --->   Operation 21 'add' 'add_ln45' <Predicate = true> <Delay = 1.78> <CoreInst = "Adder">   --->   Core 1 'Adder' <Latency = 0> <II = 1> <Delay = 1.78> <FuncUnit> <Opcode : 'add' 'sub'> <InPorts = 2> <OutPorts = 1>
ST_1 : Operation 22 [1/1] (0.00ns)   --->   "%br_ln45 = br i1 %icmp_ln45, void %_ZN2xf10data_mover19storeStreamToMasterILi32ELi32ELi32EEEvRN3hls6streamINS2_4axisI7ap_uintIXT0_EELm0ELm0ELm0ELh56ELb0EEELi0EEEPS5_IXT_EEy.exit.loopexit.exitStub, void %for.inc23.i.split" [T:/Xilinx/Vitis_Libraries_2024.2_update3/data_mover/L1/tests/store_stream_to_master/../../../L1/include\xf_data_mover/store_stream_to_master.hpp:45->test_store_stream_to_master.cpp:32]   --->   Operation 22 'br' 'br_ln45' <Predicate = true> <Delay = 0.00>
ST_1 : Operation 23 [1/1] (1.58ns)   --->   "%store_ln45 = store i5 %add_ln45, i5 %i" [T:/Xilinx/Vitis_Libraries_2024.2_update3/data_mover/L1/tests/store_stream_to_master/../../../L1/include\xf_data_mover/store_stream_to_master.hpp:45->test_store_stream_to_master.cpp:32]   --->   Operation 23 'store' 'store_ln45' <Predicate = (icmp_ln45)> <Delay = 1.58>
ST_1 : Operation 36 [1/1] (1.58ns)   --->   "%ret_ln0 = ret"   --->   Operation 36 'ret' 'ret_ln0' <Predicate = (!icmp_ln45)> <Delay = 1.58>

State 2 <SV = 1> <Delay = 3.41>
ST_2 : Operation 24 [1/1] (0.00ns)   --->   "%cnt_load = load i9 %cnt" [T:/Xilinx/Vitis_Libraries_2024.2_update3/data_mover/L1/tests/store_stream_to_master/../../../L1/include\xf_data_mover/store_stream_to_master.hpp:49->test_store_stream_to_master.cpp:32]   --->   Operation 24 'load' 'cnt_load' <Predicate = true> <Delay = 0.00>
ST_2 : Operation 25 [1/1] (0.00ns)   --->   "%zext_ln45 = zext i9 %cnt_load" [T:/Xilinx/Vitis_Libraries_2024.2_update3/data_mover/L1/tests/store_stream_to_master/../../../L1/include\xf_data_mover/store_stream_to_master.hpp:45->test_store_stream_to_master.cpp:32]   --->   Operation 25 'zext' 'zext_ln45' <Predicate = true> <Delay = 0.00>
ST_2 : Operation 26 [1/1] (0.00ns)   --->   "%specpipeline_ln46 = specpipeline void @_ssdm_op_SpecPipeline, i32 1, i32 0, i32 0, i32 0, void @empty_1" [T:/Xilinx/Vitis_Libraries_2024.2_update3/data_mover/L1/tests/store_stream_to_master/../../../L1/include\xf_data_mover/store_stream_to_master.hpp:46->test_store_stream_to_master.cpp:32]   --->   Operation 26 'specpipeline' 'specpipeline_ln46' <Predicate = true> <Delay = 0.00>
ST_2 : Operation 27 [1/1] (0.00ns)   --->   "%speclooptripcount_ln25 = speclooptripcount void @_ssdm_op_SpecLoopTripCount, i64 0, i64 31, i64 15" [T:/Xilinx/Vitis_Libraries_2024.2_update3/data_mover/L1/tests/store_stream_to_master/../../../L1/include\xf_data_mover/store_stream_to_master.hpp:25->test_store_stream_to_master.cpp:32]   --->   Operation 27 'speclooptripcount' 'speclooptripcount_ln25' <Predicate = true> <Delay = 0.00>
ST_2 : Operation 28 [1/1] (0.00ns)   --->   "%specloopname_ln45 = specloopname void @_ssdm_op_SpecLoopName, void @empty_6" [T:/Xilinx/Vitis_Libraries_2024.2_update3/data_mover/L1/tests/store_stream_to_master/../../../L1/include\xf_data_mover/store_stream_to_master.hpp:45->test_store_stream_to_master.cpp:32]   --->   Operation 28 'specloopname' 'specloopname_ln45' <Predicate = true> <Delay = 0.00>
ST_2 : Operation 29 [1/1] (0.51ns)   --->   "%empty = read i41 @_ssdm_op_Read.axis.volatile.i32P0A.i4P0A.i4P0A.i1P0A, i32 %in_s_V_data_V, i4 %in_s_V_keep_V, i4 %in_s_V_strb_V, i1 %in_s_V_last_V" [T:/Xilinx/Vitis_Libraries_2024.2_update3/data_mover/L1/tests/store_stream_to_master/../../../L1/include\xf_data_mover/store_stream_to_master.hpp:47->test_store_stream_to_master.cpp:32]   --->   Operation 29 'read' 'empty' <Predicate = true> <Delay = 0.51> <CoreInst = "regslice">   --->   Core 135 'regslice' <Latency = 0> <II = 1> <Delay = 1.86> <Adapter> <Opcode : 'read' 'write'>
ST_2 : Operation 30 [1/1] (0.00ns)   --->   "%tmp_data = extractvalue i41 %empty" [T:/Xilinx/Vitis_Libraries_2024.2_update3/data_mover/L1/tests/store_stream_to_master/../../../L1/include\xf_data_mover/store_stream_to_master.hpp:47->test_store_stream_to_master.cpp:32]   --->   Operation 30 'extractvalue' 'tmp_data' <Predicate = true> <Delay = 0.00>
ST_2 : Operation 31 [1/1] (0.00ns)   --->   "%mm_addr = getelementptr i32 %mm, i64 0, i64 %zext_ln45" [T:/Xilinx/Vitis_Libraries_2024.2_update3/data_mover/L1/tests/store_stream_to_master/../../../L1/include\xf_data_mover/store_stream_to_master.hpp:48->test_store_stream_to_master.cpp:32]   --->   Operation 31 'getelementptr' 'mm_addr' <Predicate = true> <Delay = 0.00>
ST_2 : Operation 32 [1/1] ( I:1.68ns O:1.68ns )   --->   "%store_ln48 = store i32 %tmp_data, i9 %mm_addr" [T:/Xilinx/Vitis_Libraries_2024.2_update3/data_mover/L1/tests/store_stream_to_master/../../../L1/include\xf_data_mover/store_stream_to_master.hpp:48->test_store_stream_to_master.cpp:32]   --->   Operation 32 'store' 'store_ln48' <Predicate = true> <Delay = 1.68> <CoreInst = "RAM">   --->   Core 81 'RAM' <Latency = 2> <II = 1> <Delay = 1.68> <Storage> <Opcode : 'load' 'store'> <Ports = 2> <Width = 32> <Depth = 257> <RAM>
ST_2 : Operation 33 [1/1] (1.82ns)   --->   "%add_ln49 = add i9 %cnt_load, i9 1" [T:/Xilinx/Vitis_Libraries_2024.2_update3/data_mover/L1/tests/store_stream_to_master/../../../L1/include\xf_data_mover/store_stream_to_master.hpp:49->test_store_stream_to_master.cpp:32]   --->   Operation 33 'add' 'add_ln49' <Predicate = true> <Delay = 1.82> <CoreInst = "Adder">   --->   Core 1 'Adder' <Latency = 0> <II = 1> <Delay = 1.82> <FuncUnit> <Opcode : 'add' 'sub'> <InPorts = 2> <OutPorts = 1>
ST_2 : Operation 34 [1/1] (1.58ns)   --->   "%store_ln25 = store i9 %add_ln49, i9 %cnt" [T:/Xilinx/Vitis_Libraries_2024.2_update3/data_mover/L1/tests/store_stream_to_master/../../../L1/include\xf_data_mover/store_stream_to_master.hpp:25->test_store_stream_to_master.cpp:32]   --->   Operation 34 'store' 'store_ln25' <Predicate = true> <Delay = 1.58>
ST_2 : Operation 35 [1/1] (0.00ns)   --->   "%br_ln45 = br void %for.inc23.i" [T:/Xilinx/Vitis_Libraries_2024.2_update3/data_mover/L1/tests/store_stream_to_master/../../../L1/include\xf_data_mover/store_stream_to_master.hpp:45->test_store_stream_to_master.cpp:32]   --->   Operation 35 'br' 'br_ln45' <Predicate = true> <Delay = 0.00>


============================================================
+ Verbose Summary: Timing violations
============================================================
Target clock period: 3.300ns, clock uncertainty: 0.891ns.

 <State 1>: 5.001ns
The critical path consists of the following:
	'store' operation 0 bit ('store_ln0') of constant 0 on local variable 'i' [19]  (1.588 ns)
	'load' operation 5 bit ('i_load', T:/Xilinx/Vitis_Libraries_2024.2_update3/data_mover/L1/tests/store_stream_to_master/../../../L1/include\xf_data_mover/store_stream_to_master.hpp:45->test_store_stream_to_master.cpp:32) on local variable 'i' [22]  (0.000 ns)
	'icmp' operation 1 bit ('icmp_ln45', T:/Xilinx/Vitis_Libraries_2024.2_update3/data_mover/L1/tests/store_stream_to_master/../../../L1/include\xf_data_mover/store_stream_to_master.hpp:45->test_store_stream_to_master.cpp:32) [24]  (1.825 ns)
	'store' operation 0 bit ('store_ln45', T:/Xilinx/Vitis_Libraries_2024.2_update3/data_mover/L1/tests/store_stream_to_master/../../../L1/include\xf_data_mover/store_stream_to_master.hpp:45->test_store_stream_to_master.cpp:32) of variable 'add_ln45', T:/Xilinx/Vitis_Libraries_2024.2_update3/data_mover/L1/tests/store_stream_to_master/../../../L1/include\xf_data_mover/store_stream_to_master.hpp:45->test_store_stream_to_master.cpp:32 on local variable 'i' [39]  (1.588 ns)

 <State 2>: 3.411ns
The critical path consists of the following:
	'load' operation 9 bit ('cnt_load', T:/Xilinx/Vitis_Libraries_2024.2_update3/data_mover/L1/tests/store_stream_to_master/../../../L1/include\xf_data_mover/store_stream_to_master.hpp:49->test_store_stream_to_master.cpp:32) on local variable 'cnt', T:/Xilinx/Vitis_Libraries_2024.2_update3/data_mover/L1/tests/store_stream_to_master/../../../L1/include\xf_data_mover/store_stream_to_master.hpp:25->test_store_stream_to_master.cpp:32 [28]  (0.000 ns)
	'add' operation 9 bit ('add_ln49', T:/Xilinx/Vitis_Libraries_2024.2_update3/data_mover/L1/tests/store_stream_to_master/../../../L1/include\xf_data_mover/store_stream_to_master.hpp:49->test_store_stream_to_master.cpp:32) [37]  (1.823 ns)
	'store' operation 0 bit ('store_ln25', T:/Xilinx/Vitis_Libraries_2024.2_update3/data_mover/L1/tests/store_stream_to_master/../../../L1/include\xf_data_mover/store_stream_to_master.hpp:25->test_store_stream_to_master.cpp:32) of variable 'add_ln49', T:/Xilinx/Vitis_Libraries_2024.2_update3/data_mover/L1/tests/store_stream_to_master/../../../L1/include\xf_data_mover/store_stream_to_master.hpp:49->test_store_stream_to_master.cpp:32 on local variable 'cnt', T:/Xilinx/Vitis_Libraries_2024.2_update3/data_mover/L1/tests/store_stream_to_master/../../../L1/include\xf_data_mover/store_stream_to_master.hpp:25->test_store_stream_to_master.cpp:32 [38]  (1.588 ns)


============================================================
+ Verbose Summary: Binding
============================================================
N/A
* FSMD analyzer results:
  - Output states:
 - Input state : 
  - Chain level:
	State 1
	State 2


============================================================
+ Verbose Summary: Datapath Resource usage 
============================================================
N/A
