Copyright 1986-2022 Xilinx, Inc. All Rights Reserved. Copyright 2022-2024 Advanced Micro Devices, Inc. All Rights Reserved.
---------------------------------------------------------------------------------------------------------------------------------------------
| Tool Version : Vivado v.2024.2 (win64) Build 5239630 Fri Nov 08 22:35:27 MST 2024
| Date         : Fri Oct 17 22:24:19 2025
| Host         : LAPTOP-H2R0E34P running 64-bit major release  (build 9200)
| Command      : report_timing_summary -file ./report/dut_timing_routed.rpt
| Design       : bd_0_wrapper
| Device       : 7z020-clg400
| Speed File   : -1  PRODUCTION 1.12 2019-11-22
| Design State : Routed
---------------------------------------------------------------------------------------------------------------------------------------------

Timing Summary Report

------------------------------------------------------------------------------------------------
| Timer Settings
| --------------
------------------------------------------------------------------------------------------------

  Enable Multi Corner Analysis               :  Yes
  Enable Pessimism Removal                   :  Yes
  Pessimism Removal Resolution               :  Nearest Common Node
  Enable Input Delay Default Clock           :  No
  Enable Preset / Clear Arcs                 :  No
  Disable Flight Delays                      :  No
  Ignore I/O Paths                           :  No
  Timing Early Launch at Borrowing Latches   :  No
  Borrow Time for Max Delay Exceptions       :  Yes
  Merge Timing Exceptions                    :  Yes
  Inter-SLR Compensation                     :  Conservative

  Corner  Analyze    Analyze    
  Name    Max Paths  Min Paths  
  ------  ---------  ---------  
  Slow    Yes        Yes        
  Fast    Yes        Yes        


------------------------------------------------------------------------------------------------
| Report Methodology
| ------------------
------------------------------------------------------------------------------------------------

Rule       Severity  Description                    Violations  
---------  --------  -----------------------------  ----------  
TIMING-16  Warning   Large setup violation          44          
TIMING-18  Warning   Missing input or output delay  146         

Note: This report is based on the most recent report_methodology run and may not be up-to-date. Run report_methodology on the current design for the latest report.



check_timing report

Table of Contents
-----------------
1. checking no_clock (0)
2. checking constant_clock (0)
3. checking pulse_width_clock (0)
4. checking unconstrained_internal_endpoints (0)
5. checking no_input_delay (69)
6. checking no_output_delay (47)
7. checking multiple_clock (0)
8. checking generated_clocks (0)
9. checking loops (0)
10. checking partial_input_delay (0)
11. checking partial_output_delay (0)
12. checking latch_loops (0)

1. checking no_clock (0)
------------------------
 There are 0 register/latch pins with no clock.


2. checking constant_clock (0)
------------------------------
 There are 0 register/latch pins with constant_clock.


3. checking pulse_width_clock (0)
---------------------------------
 There are 0 register/latch pins which need pulse_width check


4. checking unconstrained_internal_endpoints (0)
------------------------------------------------
 There are 0 pins that are not constrained for maximum delay.

 There are 0 pins that are not constrained for maximum delay due to constant clock.


5. checking no_input_delay (69)
-------------------------------
 There are 69 input ports with no input delay specified. (HIGH)

 There are 0 input ports with no input delay but user has a false path constraint.


6. checking no_output_delay (47)
--------------------------------
 There are 47 ports with no output delay specified. (HIGH)

 There are 0 ports with no output delay but user has a false path constraint

 There are 0 ports with no output delay but with a timing clock defined on it or propagating through it


7. checking multiple_clock (0)
------------------------------
 There are 0 register/latch pins with multiple clocks.


8. checking generated_clocks (0)
--------------------------------
 There are 0 generated clocks that are not connected to a clock source.


9. checking loops (0)
---------------------
 There are 0 combinational loops in the design.


10. checking partial_input_delay (0)
------------------------------------
 There are 0 input ports with partial input delay specified.


11. checking partial_output_delay (0)
-------------------------------------
 There are 0 ports with partial output delay specified.


12. checking latch_loops (0)
----------------------------
 There are 0 combinational latch loops in the design through latch input



------------------------------------------------------------------------------------------------
| Design Timing Summary
| ---------------------
------------------------------------------------------------------------------------------------

    WNS(ns)      TNS(ns)  TNS Failing Endpoints  TNS Total Endpoints      WHS(ns)      THS(ns)  THS Failing Endpoints  THS Total Endpoints     WPWS(ns)     TPWS(ns)  TPWS Failing Endpoints  TPWS Total Endpoints  
    -------      -------  ---------------------  -------------------      -------      -------  ---------------------  -------------------     --------     --------  ----------------------  --------------------  
     -1.312      -75.882                    114                  999        0.112        0.000                      0                  999        1.150        0.000                       0                   537  


Timing constraints are not met.


------------------------------------------------------------------------------------------------
| Clock Summary
| -------------
------------------------------------------------------------------------------------------------

Clock   Waveform(ns)         Period(ns)      Frequency(MHz)
-----   ------------         ----------      --------------
ap_clk  {0.000 1.650}        3.300           303.030         


------------------------------------------------------------------------------------------------
| Intra Clock Table
| -----------------
------------------------------------------------------------------------------------------------

Clock             WNS(ns)      TNS(ns)  TNS Failing Endpoints  TNS Total Endpoints      WHS(ns)      THS(ns)  THS Failing Endpoints  THS Total Endpoints     WPWS(ns)     TPWS(ns)  TPWS Failing Endpoints  TPWS Total Endpoints  
-----             -------      -------  ---------------------  -------------------      -------      -------  ---------------------  -------------------     --------     --------  ----------------------  --------------------  
ap_clk             -1.312      -75.882                    114                  999        0.112        0.000                      0                  999        1.150        0.000                       0                   537  


------------------------------------------------------------------------------------------------
| Inter Clock Table
| -----------------
------------------------------------------------------------------------------------------------

From Clock    To Clock          WNS(ns)      TNS(ns)  TNS Failing Endpoints  TNS Total Endpoints      WHS(ns)      THS(ns)  THS Failing Endpoints  THS Total Endpoints  
----------    --------          -------      -------  ---------------------  -------------------      -------      -------  ---------------------  -------------------  


------------------------------------------------------------------------------------------------
| Other Path Groups Table
| -----------------------
------------------------------------------------------------------------------------------------

Path Group    From Clock    To Clock          WNS(ns)      TNS(ns)  TNS Failing Endpoints  TNS Total Endpoints      WHS(ns)      THS(ns)  THS Failing Endpoints  THS Total Endpoints  
----------    ----------    --------          -------      -------  ---------------------  -------------------      -------      -------  ---------------------  -------------------  


------------------------------------------------------------------------------------------------
| Timing Details
| --------------
------------------------------------------------------------------------------------------------


---------------------------------------------------------------------------------------------------
From Clock:  ap_clk
  To Clock:  ap_clk

Setup :          114  Failing Endpoints,  Worst Slack       -1.312ns,  Total Violation      -75.882ns
Hold  :            0  Failing Endpoints,  Worst Slack        0.112ns,  Total Violation        0.000ns
PW    :            0  Failing Endpoints,  Worst Slack        1.150ns,  Total Violation        0.000ns
---------------------------------------------------------------------------------------------------


Max Delay Paths
--------------------------------------------------------------------------------------
Slack (VIOLATED) :        -1.312ns  (required time - arrival time)
  Source:                 bd_0_i/hls_inst/inst/grp_dut_Pipeline_burst_loop_inner_loop_fu_86/icmp_30ns_30ns_1_2_1_U1/base/ain_s1_reg[0]_replica/C
                            (rising edge-triggered cell FDRE clocked by ap_clk  {rise@0.000ns fall@1.650ns period=3.300ns})
  Destination:            bd_0_i/hls_inst/inst/grp_dut_Pipeline_burst_loop_inner_loop_fu_86/cnt_1_fu_96_reg[2]/CE
                            (rising edge-triggered cell FDRE clocked by ap_clk  {rise@0.000ns fall@1.650ns period=3.300ns})
  Path Group:             ap_clk
  Path Type:              Setup (Max at Slow Process Corner)
  Requirement:            3.300ns  (ap_clk rise@3.300ns - ap_clk rise@0.000ns)
  Data Path Delay:        4.323ns  (logic 1.848ns (42.751%)  route 2.475ns (57.249%))
  Logic Levels:           6  (CARRY4=3 LUT2=1 LUT6=2)
  Clock Path Skew:        -0.049ns (DCD - SCD + CPR)
    Destination Clock Delay (DCD):    0.924ns = ( 4.224 - 3.300 ) 
    Source Clock Delay      (SCD):    0.973ns
    Clock Pessimism Removal (CPR):    0.000ns
  Clock Uncertainty:      0.035ns  ((TSJ^2 + TIJ^2)^1/2 + DJ) / 2 + PE
    Total System Jitter     (TSJ):    0.071ns
    Total Input Jitter      (TIJ):    0.000ns
    Discrete Jitter          (DJ):    0.000ns
    Phase Error              (PE):    0.000ns

    Location             Delay type                Incr(ns)  Path(ns)    Netlist Resource(s)
  -------------------------------------------------------------------    -------------------
                         (clock ap_clk rise edge)     0.000     0.000 r  
                                                      0.000     0.000 r  ap_clk (IN)
                         net (fo=536, unset)          0.973     0.973    bd_0_i/hls_inst/inst/grp_dut_Pipeline_burst_loop_inner_loop_fu_86/icmp_30ns_30ns_1_2_1_U1/base/ap_clk
    SLICE_X41Y76         FDRE                                         r  bd_0_i/hls_inst/inst/grp_dut_Pipeline_burst_loop_inner_loop_fu_86/icmp_30ns_30ns_1_2_1_U1/base/ain_s1_reg[0]_replica/C
  -------------------------------------------------------------------    -------------------
    SLICE_X41Y76         FDRE (Prop_fdre_C_Q)         0.456     1.429 r  bd_0_i/hls_inst/inst/grp_dut_Pipeline_burst_loop_inner_loop_fu_86/icmp_30ns_30ns_1_2_1_U1/base/ain_s1_reg[0]_replica/Q
                         net (fo=2, routed)           0.586     2.015    bd_0_i/hls_inst/inst/grp_dut_Pipeline_burst_loop_inner_loop_fu_86/icmp_30ns_30ns_1_2_1_U1/base/u2/ain_s1[0]_repN_alias
    SLICE_X42Y76         LUT2 (Prop_lut2_I0_O)        0.124     2.139 r  bd_0_i/hls_inst/inst/grp_dut_Pipeline_burst_loop_inner_loop_fu_86/icmp_30ns_30ns_1_2_1_U1/base/u2/ap_CS_fsm[11]_i_25/O
                         net (fo=1, routed)           0.000     2.139    bd_0_i/hls_inst/inst/grp_dut_Pipeline_burst_loop_inner_loop_fu_86/icmp_30ns_30ns_1_2_1_U1/base/u2_n_3
    SLICE_X42Y76         CARRY4 (Prop_carry4_S[0]_CO[3])
                                                      0.513     2.652 r  bd_0_i/hls_inst/inst/grp_dut_Pipeline_burst_loop_inner_loop_fu_86/icmp_30ns_30ns_1_2_1_U1/base/ap_CS_fsm_reg[11]_i_10/CO[3]
                         net (fo=1, routed)           0.000     2.652    bd_0_i/hls_inst/inst/grp_dut_Pipeline_burst_loop_inner_loop_fu_86/icmp_30ns_30ns_1_2_1_U1/base/ap_CS_fsm_reg[11]_i_10_n_0
    SLICE_X42Y77         CARRY4 (Prop_carry4_CI_CO[3])
                                                      0.117     2.769 r  bd_0_i/hls_inst/inst/grp_dut_Pipeline_burst_loop_inner_loop_fu_86/icmp_30ns_30ns_1_2_1_U1/base/ap_CS_fsm_reg[11]_i_11/CO[3]
                         net (fo=1, routed)           0.000     2.769    bd_0_i/hls_inst/inst/grp_dut_Pipeline_burst_loop_inner_loop_fu_86/icmp_30ns_30ns_1_2_1_U1/base/ap_CS_fsm_reg[11]_i_11_n_0
    SLICE_X42Y78         CARRY4 (Prop_carry4_CI_O[0])
                                                      0.219     2.988 r  bd_0_i/hls_inst/inst/grp_dut_Pipeline_burst_loop_inner_loop_fu_86/icmp_30ns_30ns_1_2_1_U1/base/ap_CS_fsm_reg[11]_i_7/O[0]
                         net (fo=1, routed)           0.588     3.576    bd_0_i/hls_inst/inst/grp_dut_Pipeline_burst_loop_inner_loop_fu_86/icmp_30ns_30ns_1_2_1_U1/base/sel0[23]
    SLICE_X40Y77         LUT6 (Prop_lut6_I2_O)        0.295     3.871 r  bd_0_i/hls_inst/inst/grp_dut_Pipeline_burst_loop_inner_loop_fu_86/icmp_30ns_30ns_1_2_1_U1/base/ap_CS_fsm[11]_i_14/O
                         net (fo=2, routed)           0.956     4.827    bd_0_i/hls_inst/inst/grp_dut_Pipeline_burst_loop_inner_loop_fu_86/icmp_30ns_30ns_1_2_1_U1/base/ap_CS_fsm[11]_i_14_n_0
    SLICE_X47Y77         LUT6 (Prop_lut6_I0_O)        0.124     4.951 r  bd_0_i/hls_inst/inst/grp_dut_Pipeline_burst_loop_inner_loop_fu_86/icmp_30ns_30ns_1_2_1_U1/base/cnt_1_fu_96[8]_i_1_comp/O
                         net (fo=8, routed)           0.344     5.296    bd_0_i/hls_inst/inst/grp_dut_Pipeline_burst_loop_inner_loop_fu_86/icmp_30ns_30ns_1_2_1_U1_n_28
    SLICE_X45Y77         FDRE                                         r  bd_0_i/hls_inst/inst/grp_dut_Pipeline_burst_loop_inner_loop_fu_86/cnt_1_fu_96_reg[2]/CE
  -------------------------------------------------------------------    -------------------

                         (clock ap_clk rise edge)     3.300     3.300 r  
                                                      0.000     3.300 r  ap_clk (IN)
                         net (fo=536, unset)          0.924     4.224    bd_0_i/hls_inst/inst/grp_dut_Pipeline_burst_loop_inner_loop_fu_86/ap_clk
    SLICE_X45Y77         FDRE                                         r  bd_0_i/hls_inst/inst/grp_dut_Pipeline_burst_loop_inner_loop_fu_86/cnt_1_fu_96_reg[2]/C
                         clock pessimism              0.000     4.224    
                         clock uncertainty           -0.035     4.189    
    SLICE_X45Y77         FDRE (Setup_fdre_C_CE)      -0.205     3.984    bd_0_i/hls_inst/inst/grp_dut_Pipeline_burst_loop_inner_loop_fu_86/cnt_1_fu_96_reg[2]
  -------------------------------------------------------------------
                         required time                          3.984    
                         arrival time                          -5.296    
  -------------------------------------------------------------------
                         slack                                 -1.312    





Min Delay Paths
--------------------------------------------------------------------------------------
Slack (MET) :             0.112ns  (arrival time - required time)
  Source:                 bd_0_i/hls_inst/inst/ap_CS_fsm_reg[1]/C
                            (rising edge-triggered cell FDRE clocked by ap_clk  {rise@0.000ns fall@1.650ns period=3.300ns})
  Destination:            bd_0_i/hls_inst/inst/ap_CS_fsm_reg[2]/D
                            (rising edge-triggered cell FDRE clocked by ap_clk  {rise@0.000ns fall@1.650ns period=3.300ns})
  Path Group:             ap_clk
  Path Type:              Hold (Min at Fast Process Corner)
  Requirement:            0.000ns  (ap_clk rise@0.000ns - ap_clk rise@0.000ns)
  Data Path Delay:        0.209ns  (logic 0.141ns (67.454%)  route 0.068ns (32.546%))
  Logic Levels:           0  
  Clock Path Skew:        0.022ns (DCD - SCD - CPR)
    Destination Clock Delay (DCD):    0.432ns
    Source Clock Delay      (SCD):    0.410ns
    Clock Pessimism Removal (CPR):    -0.000ns

    Location             Delay type                Incr(ns)  Path(ns)    Netlist Resource(s)
  -------------------------------------------------------------------    -------------------
                         (clock ap_clk rise edge)     0.000     0.000 r  
                                                      0.000     0.000 r  ap_clk (IN)
                         net (fo=536, unset)          0.410     0.410    bd_0_i/hls_inst/inst/ap_clk
    SLICE_X39Y75         FDRE                                         r  bd_0_i/hls_inst/inst/ap_CS_fsm_reg[1]/C
  -------------------------------------------------------------------    -------------------
    SLICE_X39Y75         FDRE (Prop_fdre_C_Q)         0.141     0.551 r  bd_0_i/hls_inst/inst/ap_CS_fsm_reg[1]/Q
                         net (fo=2, routed)           0.068     0.619    bd_0_i/hls_inst/inst/ap_CS_fsm_reg_n_0_[1]
    SLICE_X39Y75         FDRE                                         r  bd_0_i/hls_inst/inst/ap_CS_fsm_reg[2]/D
  -------------------------------------------------------------------    -------------------

                         (clock ap_clk rise edge)     0.000     0.000 r  
                                                      0.000     0.000 r  ap_clk (IN)
                         net (fo=536, unset)          0.432     0.432    bd_0_i/hls_inst/inst/ap_clk
    SLICE_X39Y75         FDRE                                         r  bd_0_i/hls_inst/inst/ap_CS_fsm_reg[2]/C
                         clock pessimism              0.000     0.432    
    SLICE_X39Y75         FDRE (Hold_fdre_C_D)         0.075     0.507    bd_0_i/hls_inst/inst/ap_CS_fsm_reg[2]
  -------------------------------------------------------------------
                         required time                         -0.507    
                         arrival time                           0.619    
  -------------------------------------------------------------------
                         slack                                  0.112    





Pulse Width Checks
--------------------------------------------------------------------------------------
Clock Name:         ap_clk
Waveform(ns):       { 0.000 1.650 }
Period(ns):         3.300
Sources:            { ap_clk }

Check Type        Corner  Lib Pin  Reference Pin  Required(ns)  Actual(ns)  Slack(ns)  Location      Pin
Min Period        n/a     FDSE/C   n/a            1.000         3.300       2.300      SLICE_X47Y69  bd_0_i/hls_inst/inst/ap_CS_fsm_reg[0]/C
Low Pulse Width   Slow    FDSE/C   n/a            0.500         1.650       1.150      SLICE_X47Y69  bd_0_i/hls_inst/inst/ap_CS_fsm_reg[0]/C
High Pulse Width  Slow    FDSE/C   n/a            0.500         1.650       1.150      SLICE_X47Y69  bd_0_i/hls_inst/inst/ap_CS_fsm_reg[0]/C



