Copyright 1986-2022 Xilinx, Inc. All Rights Reserved. Copyright 2022-2024 Advanced Micro Devices, Inc. All Rights Reserved.
---------------------------------------------------------------------------------------------------------------------------------------------
| Tool Version : Vivado v.2024.2 (win64) Build 5239630 Fri Nov 08 22:35:27 MST 2024
| Date         : Fri Oct 17 22:06:39 2025
| Host         : LAPTOP-H2R0E34P running 64-bit major release  (build 9200)
| Command      : report_timing_summary -file ./report/dut_timing_synth.rpt
| Design       : bd_0_wrapper
| Device       : 7z020-clg400
| Speed File   : -1  PRODUCTION 1.12 2019-11-22
| Design State : Synthesized
---------------------------------------------------------------------------------------------------------------------------------------------

Timing Summary Report

------------------------------------------------------------------------------------------------
| Timer Settings
| --------------
------------------------------------------------------------------------------------------------

  Enable Multi Corner Analysis               :  Yes
  Enable Pessimism Removal                   :  Yes
  Pessimism Removal Resolution               :  Nearest Common Node
  Enable Input Delay Default Clock           :  No
  Enable Preset / Clear Arcs                 :  No
  Disable Flight Delays                      :  No
  Ignore I/O Paths                           :  No
  Timing Early Launch at Borrowing Latches   :  No
  Borrow Time for Max Delay Exceptions       :  Yes
  Merge Timing Exceptions                    :  Yes
  Inter-SLR Compensation                     :  Conservative

  Corner  Analyze    Analyze    
  Name    Max Paths  Min Paths  
  ------  ---------  ---------  
  Slow    Yes        Yes        
  Fast    Yes        Yes        


------------------------------------------------------------------------------------------------
| Report Methodology
| ------------------
------------------------------------------------------------------------------------------------

No report available as report_methodology has not been run prior. Run report_methodology on the current design for the summary of methodology violations.



check_timing report

Table of Contents
-----------------
1. checking no_clock (0)
2. checking constant_clock (0)
3. checking pulse_width_clock (0)
4. checking unconstrained_internal_endpoints (0)
5. checking no_input_delay (69)
6. checking no_output_delay (47)
7. checking multiple_clock (0)
8. checking generated_clocks (0)
9. checking loops (0)
10. checking partial_input_delay (0)
11. checking partial_output_delay (0)
12. checking latch_loops (0)

1. checking no_clock (0)
------------------------
 There are 0 register/latch pins with no clock.


2. checking constant_clock (0)
------------------------------
 There are 0 register/latch pins with constant_clock.


3. checking pulse_width_clock (0)
---------------------------------
 There are 0 register/latch pins which need pulse_width check


4. checking unconstrained_internal_endpoints (0)
------------------------------------------------
 There are 0 pins that are not constrained for maximum delay.

 There are 0 pins that are not constrained for maximum delay due to constant clock.


5. checking no_input_delay (69)
-------------------------------
 There are 69 input ports with no input delay specified. (HIGH)

 There are 0 input ports with no input delay but user has a false path constraint.


6. checking no_output_delay (47)
--------------------------------
 There are 47 ports with no output delay specified. (HIGH)

 There are 0 ports with no output delay but user has a false path constraint

 There are 0 ports with no output delay but with a timing clock defined on it or propagating through it


7. checking multiple_clock (0)
------------------------------
 There are 0 register/latch pins with multiple clocks.


8. checking generated_clocks (0)
--------------------------------
 There are 0 generated clocks that are not connected to a clock source.


9. checking loops (0)
---------------------
 There are 0 combinational loops in the design.


10. checking partial_input_delay (0)
------------------------------------
 There are 0 input ports with partial input delay specified.


11. checking partial_output_delay (0)
-------------------------------------
 There are 0 ports with partial output delay specified.


12. checking latch_loops (0)
----------------------------
 There are 0 combinational latch loops in the design through latch input



------------------------------------------------------------------------------------------------
| Design Timing Summary
| ---------------------
------------------------------------------------------------------------------------------------

    WNS(ns)      TNS(ns)  TNS Failing Endpoints  TNS Total Endpoints      WHS(ns)      THS(ns)  THS Failing Endpoints  THS Total Endpoints     WPWS(ns)     TPWS(ns)  TPWS Failing Endpoints  TPWS Total Endpoints  
    -------      -------  ---------------------  -------------------      -------      -------  ---------------------  -------------------     --------     --------  ----------------------  --------------------  
     -2.484     -149.868                    120                  996        0.252        0.000                      0                  996        1.150        0.000                       0                   536  


Timing constraints are not met.


------------------------------------------------------------------------------------------------
| Clock Summary
| -------------
------------------------------------------------------------------------------------------------

Clock   Waveform(ns)         Period(ns)      Frequency(MHz)
-----   ------------         ----------      --------------
ap_clk  {0.000 1.650}        3.300           303.030         


------------------------------------------------------------------------------------------------
| Intra Clock Table
| -----------------
------------------------------------------------------------------------------------------------

Clock             WNS(ns)      TNS(ns)  TNS Failing Endpoints  TNS Total Endpoints      WHS(ns)      THS(ns)  THS Failing Endpoints  THS Total Endpoints     WPWS(ns)     TPWS(ns)  TPWS Failing Endpoints  TPWS Total Endpoints  
-----             -------      -------  ---------------------  -------------------      -------      -------  ---------------------  -------------------     --------     --------  ----------------------  --------------------  
ap_clk             -2.484     -149.868                    120                  996        0.252        0.000                      0                  996        1.150        0.000                       0                   536  


------------------------------------------------------------------------------------------------
| Inter Clock Table
| -----------------
------------------------------------------------------------------------------------------------

From Clock    To Clock          WNS(ns)      TNS(ns)  TNS Failing Endpoints  TNS Total Endpoints      WHS(ns)      THS(ns)  THS Failing Endpoints  THS Total Endpoints  
----------    --------          -------      -------  ---------------------  -------------------      -------      -------  ---------------------  -------------------  


------------------------------------------------------------------------------------------------
| Other Path Groups Table
| -----------------------
------------------------------------------------------------------------------------------------

Path Group    From Clock    To Clock          WNS(ns)      TNS(ns)  TNS Failing Endpoints  TNS Total Endpoints      WHS(ns)      THS(ns)  THS Failing Endpoints  THS Total Endpoints  
----------    ----------    --------          -------      -------  ---------------------  -------------------      -------      -------  ---------------------  -------------------  


------------------------------------------------------------------------------------------------
| Timing Details
| --------------
------------------------------------------------------------------------------------------------


---------------------------------------------------------------------------------------------------
From Clock:  ap_clk
  To Clock:  ap_clk

Setup :          120  Failing Endpoints,  Worst Slack       -2.484ns,  Total Violation     -149.868ns
Hold  :            0  Failing Endpoints,  Worst Slack        0.252ns,  Total Violation        0.000ns
PW    :            0  Failing Endpoints,  Worst Slack        1.150ns,  Total Violation        0.000ns
---------------------------------------------------------------------------------------------------


Max Delay Paths
--------------------------------------------------------------------------------------
Slack (VIOLATED) :        -2.484ns  (required time - arrival time)
  Source:                 bd_0_i/hls_inst/inst/grp_dut_Pipeline_residual_loop_fu_101/i_fu_62_reg[0]/C
                            (rising edge-triggered cell FDRE clocked by ap_clk  {rise@0.000ns fall@1.650ns period=3.300ns})
  Destination:            bd_0_i/hls_inst/inst/grp_dut_Pipeline_residual_loop_fu_101/i_fu_62_reg[0]/R
                            (rising edge-triggered cell FDRE clocked by ap_clk  {rise@0.000ns fall@1.650ns period=3.300ns})
  Path Group:             ap_clk
  Path Type:              Setup (Max at Slow Process Corner)
  Requirement:            3.300ns  (ap_clk rise@3.300ns - ap_clk rise@0.000ns)
  Data Path Delay:        5.176ns  (logic 1.309ns (25.290%)  route 3.867ns (74.710%))
  Logic Levels:           5  (LUT3=1 LUT5=1 LUT6=3)
  Clock Path Skew:        -0.049ns (DCD - SCD + CPR)
    Destination Clock Delay (DCD):    0.924ns = ( 4.224 - 3.300 ) 
    Source Clock Delay      (SCD):    0.973ns
    Clock Pessimism Removal (CPR):    0.000ns
  Clock Uncertainty:      0.035ns  ((TSJ^2 + TIJ^2)^1/2 + DJ) / 2 + PE
    Total System Jitter     (TSJ):    0.071ns
    Total Input Jitter      (TIJ):    0.000ns
    Discrete Jitter          (DJ):    0.000ns
    Phase Error              (PE):    0.000ns

    Location             Delay type                Incr(ns)  Path(ns)    Netlist Resource(s)
  -------------------------------------------------------------------    -------------------
                         (clock ap_clk rise edge)     0.000     0.000 r  
                                                      0.000     0.000 r  ap_clk (IN)
                         net (fo=535, unset)          0.973     0.973    bd_0_i/hls_inst/inst/grp_dut_Pipeline_residual_loop_fu_101/ap_clk
                         FDRE                                         r  bd_0_i/hls_inst/inst/grp_dut_Pipeline_residual_loop_fu_101/i_fu_62_reg[0]/C
  -------------------------------------------------------------------    -------------------
                         FDRE (Prop_fdre_C_Q)         0.518     1.491 r  bd_0_i/hls_inst/inst/grp_dut_Pipeline_residual_loop_fu_101/i_fu_62_reg[0]/Q
                         net (fo=6, unplaced)         0.773     2.264    bd_0_i/hls_inst/inst/grp_dut_Pipeline_residual_loop_fu_101/flow_control_loop_pipe_sequential_init_U/i_fu_62_reg[4]_0[0]
                         LUT3 (Prop_lut3_I0_O)        0.295     2.559 r  bd_0_i/hls_inst/inst/grp_dut_Pipeline_residual_loop_fu_101/flow_control_loop_pipe_sequential_init_U/ap_ready_INST_0_i_6/O
                         net (fo=1, unplaced)         0.902     3.461    bd_0_i/hls_inst/inst/grp_dut_Pipeline_residual_loop_fu_101/flow_control_loop_pipe_sequential_init_U/ap_ready_INST_0_i_6_n_0
                         LUT6 (Prop_lut6_I1_O)        0.124     3.585 f  bd_0_i/hls_inst/inst/grp_dut_Pipeline_residual_loop_fu_101/flow_control_loop_pipe_sequential_init_U/ap_ready_INST_0_i_5/O
                         net (fo=1, unplaced)         0.449     4.034    bd_0_i/hls_inst/inst/grp_dut_Pipeline_residual_loop_fu_101/flow_control_loop_pipe_sequential_init_U/ap_ready_INST_0_i_5_n_0
                         LUT6 (Prop_lut6_I0_O)        0.124     4.158 f  bd_0_i/hls_inst/inst/grp_dut_Pipeline_residual_loop_fu_101/flow_control_loop_pipe_sequential_init_U/ap_ready_INST_0_i_4/O
                         net (fo=1, unplaced)         0.449     4.607    bd_0_i/hls_inst/inst/grp_dut_Pipeline_residual_loop_fu_101/flow_control_loop_pipe_sequential_init_U/ap_ready_INST_0_i_4_n_0
                         LUT6 (Prop_lut6_I5_O)        0.124     4.731 f  bd_0_i/hls_inst/inst/grp_dut_Pipeline_residual_loop_fu_101/flow_control_loop_pipe_sequential_init_U/ap_ready_INST_0_i_1/O
                         net (fo=9, unplaced)         0.490     5.221    bd_0_i/hls_inst/inst/grp_dut_Pipeline_residual_loop_fu_101/flow_control_loop_pipe_sequential_init_U/ap_ready_INST_0_i_1_n_0
                         LUT5 (Prop_lut5_I1_O)        0.124     5.345 r  bd_0_i/hls_inst/inst/grp_dut_Pipeline_residual_loop_fu_101/flow_control_loop_pipe_sequential_init_U/i_fu_62[4]_i_1/O
                         net (fo=5, unplaced)         0.804     6.149    bd_0_i/hls_inst/inst/grp_dut_Pipeline_residual_loop_fu_101/flow_control_loop_pipe_sequential_init_U_n_16
                         FDRE                                         r  bd_0_i/hls_inst/inst/grp_dut_Pipeline_residual_loop_fu_101/i_fu_62_reg[0]/R
  -------------------------------------------------------------------    -------------------

                         (clock ap_clk rise edge)     3.300     3.300 r  
                                                      0.000     3.300 r  ap_clk (IN)
                         net (fo=535, unset)          0.924     4.224    bd_0_i/hls_inst/inst/grp_dut_Pipeline_residual_loop_fu_101/ap_clk
                         FDRE                                         r  bd_0_i/hls_inst/inst/grp_dut_Pipeline_residual_loop_fu_101/i_fu_62_reg[0]/C
                         clock pessimism              0.000     4.224    
                         clock uncertainty           -0.035     4.189    
                         FDRE (Setup_fdre_C_R)       -0.524     3.665    bd_0_i/hls_inst/inst/grp_dut_Pipeline_residual_loop_fu_101/i_fu_62_reg[0]
  -------------------------------------------------------------------
                         required time                          3.665    
                         arrival time                          -6.149    
  -------------------------------------------------------------------
                         slack                                 -2.484    





Min Delay Paths
--------------------------------------------------------------------------------------
Slack (MET) :             0.252ns  (arrival time - required time)
  Source:                 bd_0_i/hls_inst/inst/tmp_2_reg_352_reg[15]/C
                            (rising edge-triggered cell FDRE clocked by ap_clk  {rise@0.000ns fall@1.650ns period=3.300ns})
  Destination:            bd_0_i/hls_inst/inst/grp_dut_Pipeline_burst_loop_inner_loop_fu_86/icmp_30ns_30ns_1_2_1_U1/base/bin_s1_reg[0]/D
                            (rising edge-triggered cell FDRE clocked by ap_clk  {rise@0.000ns fall@1.650ns period=3.300ns})
  Path Group:             ap_clk
  Path Type:              Hold (Min at Fast Process Corner)
  Requirement:            0.000ns  (ap_clk rise@0.000ns - ap_clk rise@0.000ns)
  Data Path Delay:        0.393ns  (logic 0.262ns (66.651%)  route 0.131ns (33.349%))
  Logic Levels:           1  (LUT1=1)
  Clock Path Skew:        0.022ns (DCD - SCD - CPR)
    Destination Clock Delay (DCD):    0.432ns
    Source Clock Delay      (SCD):    0.410ns
    Clock Pessimism Removal (CPR):    -0.000ns

    Location             Delay type                Incr(ns)  Path(ns)    Netlist Resource(s)
  -------------------------------------------------------------------    -------------------
                         (clock ap_clk rise edge)     0.000     0.000 r  
                                                      0.000     0.000 r  ap_clk (IN)
                         net (fo=535, unset)          0.410     0.410    bd_0_i/hls_inst/inst/ap_clk
                         FDRE                                         r  bd_0_i/hls_inst/inst/tmp_2_reg_352_reg[15]/C
  -------------------------------------------------------------------    -------------------
                         FDRE (Prop_fdre_C_Q)         0.164     0.574 f  bd_0_i/hls_inst/inst/tmp_2_reg_352_reg[15]/Q
                         net (fo=1, unplaced)         0.131     0.705    bd_0_i/hls_inst/inst/grp_dut_Pipeline_burst_loop_inner_loop_fu_86/icmp_30ns_30ns_1_2_1_U1/base/bin_s1_reg[14]_0[0]
                         LUT1 (Prop_lut1_I0_O)        0.098     0.803 r  bd_0_i/hls_inst/inst/grp_dut_Pipeline_burst_loop_inner_loop_fu_86/icmp_30ns_30ns_1_2_1_U1/base/bin_s1[0]_i_1__0/O
                         net (fo=1, unplaced)         0.000     0.803    bd_0_i/hls_inst/inst/grp_dut_Pipeline_burst_loop_inner_loop_fu_86/icmp_30ns_30ns_1_2_1_U1/base/p_0_in[0]
                         FDRE                                         r  bd_0_i/hls_inst/inst/grp_dut_Pipeline_burst_loop_inner_loop_fu_86/icmp_30ns_30ns_1_2_1_U1/base/bin_s1_reg[0]/D
  -------------------------------------------------------------------    -------------------

                         (clock ap_clk rise edge)     0.000     0.000 r  
                                                      0.000     0.000 r  ap_clk (IN)
                         net (fo=535, unset)          0.432     0.432    bd_0_i/hls_inst/inst/grp_dut_Pipeline_burst_loop_inner_loop_fu_86/icmp_30ns_30ns_1_2_1_U1/base/ap_clk
                         FDRE                                         r  bd_0_i/hls_inst/inst/grp_dut_Pipeline_burst_loop_inner_loop_fu_86/icmp_30ns_30ns_1_2_1_U1/base/bin_s1_reg[0]/C
                         clock pessimism              0.000     0.432    
                         FDRE (Hold_fdre_C_D)         0.120     0.552    bd_0_i/hls_inst/inst/grp_dut_Pipeline_burst_loop_inner_loop_fu_86/icmp_30ns_30ns_1_2_1_U1/base/bin_s1_reg[0]
  -------------------------------------------------------------------
                         required time                         -0.552    
                         arrival time                           0.803    
  -------------------------------------------------------------------
                         slack                                  0.252    





Pulse Width Checks
--------------------------------------------------------------------------------------
Clock Name:         ap_clk
Waveform(ns):       { 0.000 1.650 }
Period(ns):         3.300
Sources:            { ap_clk }

Check Type        Corner  Lib Pin  Reference Pin  Required(ns)  Actual(ns)  Slack(ns)  Location  Pin
Min Period        n/a     FDSE/C   n/a            1.000         3.300       2.300                bd_0_i/hls_inst/inst/ap_CS_fsm_reg[0]/C
Low Pulse Width   Slow    FDSE/C   n/a            0.500         1.650       1.150                bd_0_i/hls_inst/inst/ap_CS_fsm_reg[0]/C
High Pulse Width  Slow    FDSE/C   n/a            0.500         1.650       1.150                bd_0_i/hls_inst/inst/ap_CS_fsm_reg[0]/C



